<?xml version="1.0" encoding="UTF-8"?>
<!-- Generated by org.testng.reporters.JUnitReportReporter -->
<testsuite hostname="DESKTOP-F4E7MDH" failures="0" tests="1" name="scripts.TestCase3" time="21.457" errors="0" timestamp="2022-09-27T13:42:39 IST" skipped="0">
  <testcase classname="scripts.TestCase3" name="tc3" time="21.457"/>
  <system-out/>
</testsuite> <!-- scripts.TestCase3 -->
